<?xml version="1.0" encoding="UTF-8"?>
<!-- Generated by org.testng.reporters.JUnitXMLReporter -->
<testsuite hostname="IRON-QA8" ignored="6" name="Device1" tests="2" failures="0" timestamp="06 Jul 2020 07:51:19 GMT" time="350.531" errors="0">
  <testcase name="firstTestCase" time="45.425" classname="com.attendanceApp.Test1"/>
  <testcase name="secondTestCase" time="92.028" classname="com.attendanceApp.Test2"/>
  <testcase name="@BeforeTest beforeSuite" time="0.0" classname="com.attendanceApp.common.SetUp">
    <ignored/>
  </testcase> <!-- @BeforeTest beforeSuite -->
  <testcase name="@BeforeTest beforeSuite" time="0.0" classname="com.attendanceApp.common.SetUp">
    <ignored/>
  </testcase> <!-- @BeforeTest beforeSuite -->
  <testcase name="@AfterTest afterTest" time="0.0" classname="com.attendanceApp.common.SetUp">
    <ignored/>
  </testcase> <!-- @AfterTest afterTest -->
  <testcase name="@AfterTest afterTest" time="0.0" classname="com.attendanceApp.common.SetUp">
    <ignored/>
  </testcase> <!-- @AfterTest afterTest -->
  <testcase name="@AfterSuite afterSuite" time="0.0" classname="com.attendanceApp.common.SetUp">
    <ignored/>
  </testcase> <!-- @AfterSuite afterSuite -->
  <testcase name="@AfterSuite afterSuite" time="0.0" classname="com.attendanceApp.common.SetUp">
    <ignored/>
  </testcase> <!-- @AfterSuite afterSuite -->
</testsuite> <!-- Device1 -->
