<?xml version="1.0" encoding="UTF-8"?>
<!-- Generated by org.testng.reporters.JUnitXMLReporter -->
<testsuite hostname="IRON-QA8" ignored="3" name="Emulator" tests="2" failures="0" timestamp="12 Jun 2020 07:29:30 GMT" time="284.056" errors="0">
  <testcase name="firstTestCase" time="35.105" classname="com.attendanceApp.Test1"/>
  <testcase name="secondTestCase" time="78.918" classname="com.attendanceApp.Test3"/>
  <testcase name="@AfterSuite afterSuite" time="0.0" classname="com.attendanceApp.SetUp">
    <ignored/>
  </testcase> <!-- @AfterSuite afterSuite -->
  <testcase name="@BeforeTest beforeSuite" time="0.0" classname="com.attendanceApp.SetUp">
    <ignored/>
  </testcase> <!-- @BeforeTest beforeSuite -->
  <testcase name="@AfterTest afterTest" time="0.0" classname="com.attendanceApp.SetUp">
    <ignored/>
  </testcase> <!-- @AfterTest afterTest -->
</testsuite> <!-- Emulator -->
