<?xml version="1.0" encoding="UTF-8"?>
<!-- Generated by org.testng.reporters.JUnitXMLReporter -->
<testsuite hostname="IRON-QA8" ignored="7" name="Device1" tests="1" failures="0" timestamp="2020-07-06T13:38:49 IST" time="261.687" errors="0">
  <testcase name="firstTestCase" time="40.696" classname="com.attendanceApp.Test1"/>
  <testcase name="secondTestCase" time="0.0" classname="com.attendanceApp.Test2">
    <ignored/>
  </testcase> <!-- secondTestCase -->
  <testcase name="@BeforeTest beforeSuite" time="0.0" classname="com.attendanceApp.common.SetUp">
    <ignored/>
  </testcase> <!-- @BeforeTest beforeSuite -->
  <testcase name="@BeforeTest beforeSuite" time="0.0" classname="com.attendanceApp.common.SetUp">
    <ignored/>
  </testcase> <!-- @BeforeTest beforeSuite -->
  <testcase name="@AfterTest afterTest" time="0.0" classname="com.attendanceApp.common.SetUp">
    <ignored/>
  </testcase> <!-- @AfterTest afterTest -->
  <testcase name="@AfterTest afterTest" time="0.0" classname="com.attendanceApp.common.SetUp">
    <ignored/>
  </testcase> <!-- @AfterTest afterTest -->
  <testcase name="@AfterSuite afterSuite" time="0.0" classname="com.attendanceApp.common.SetUp">
    <ignored/>
  </testcase> <!-- @AfterSuite afterSuite -->
  <testcase name="@AfterSuite afterSuite" time="0.0" classname="com.attendanceApp.common.SetUp">
    <ignored/>
  </testcase> <!-- @AfterSuite afterSuite -->
</testsuite> <!-- Device1 -->
