<?xml version="1.0" encoding="UTF-8"?>
<testng-results skipped="0" failed="0" ignored="12" total="16" passed="4">
  <reporter-output>
  </reporter-output>
  <suite name="ParallelSuite" duration-ms="336500" started-at="2020-07-06T13:52:40 IST" finished-at="2020-07-06T13:58:17 IST">
    <groups>
      <group name="Regression">
        <method signature="Test2.secondTestCase(java.util.HashMap)[pri:0, instance:com.attendanceApp.Test2@388ffbc2]" name="secondTestCase" class="com.attendanceApp.Test2"/>
        <method signature="Test2.secondTestCase(java.util.HashMap)[pri:0, instance:com.attendanceApp.Test2@6bc248ed]" name="secondTestCase" class="com.attendanceApp.Test2"/>
      </group> <!-- Regression -->
      <group name="Smoke">
        <method signature="Test1.firstTestCase(java.util.HashMap)[pri:0, instance:com.attendanceApp.Test1@43ed0ff3]" name="firstTestCase" class="com.attendanceApp.Test1"/>
        <method signature="Test1.firstTestCase(java.util.HashMap)[pri:0, instance:com.attendanceApp.Test1@16fb356]" name="firstTestCase" class="com.attendanceApp.Test1"/>
      </group> <!-- Smoke -->
    </groups>
    <test name="Device2" duration-ms="336500" started-at="2020-07-06T13:52:40 IST" finished-at="2020-07-06T13:58:17 IST">
      <class name="com.attendanceApp.Test2">
        <test-method status="PASS" signature="secondTestCase(java.util.HashMap)[pri:0, instance:com.attendanceApp.Test2@6bc248ed]" name="secondTestCase" duration-ms="84000" started-at="2020-07-06T13:56:47 IST" data-provider="SearchProvider" finished-at="2020-07-06T13:58:11 IST">
          <params>
            <param index="0">
              <value>
                <![CDATA[{password=admin123, headerText=Login here.., addMemberDetails=FirstName,Mani1;LastName,Kaur1;Phone,1234569852;addr,Testing, Test Case Id=secondTestCase, addStudentBtnName=addstudent, userName=admin, viewStudentBtnName=Viewstudent, expectedButtonsList=, expectedValues=Mani1,Kaur1, logoutButtonName=logout}]]>
              </value>
            </param>
          </params>
          <reporter-output>
          </reporter-output>
        </test-method> <!-- secondTestCase -->
        <test-method status="PASS" signature="afterMethod(org.testng.ITestResult)[pri:0, instance:com.attendanceApp.Test2@6bc248ed]" name="afterMethod" is-config="true" duration-ms="0" started-at="2020-07-06T13:58:11 IST" finished-at="2020-07-06T13:58:11 IST">
          <params>
            <param index="0">
              <value>
                <![CDATA[[TestResult name=secondTestCase status=SUCCESS method=Test2.secondTestCase(java.util.HashMap)[pri:0, instance:com.attendanceApp.Test2@6bc248ed] output={null}]]]>
              </value>
            </param>
          </params>
          <reporter-output>
          </reporter-output>
        </test-method> <!-- afterMethod -->
      </class> <!-- com.attendanceApp.Test2 -->
      <class name="com.attendanceApp.Test1">
        <test-method status="PASS" signature="firstTestCase(java.util.HashMap)[pri:0, instance:com.attendanceApp.Test1@16fb356]" name="firstTestCase" duration-ms="36389" started-at="2020-07-06T13:56:11 IST" data-provider="SearchProvider" finished-at="2020-07-06T13:56:47 IST">
          <params>
            <param index="0">
              <value>
                <![CDATA[{password=admin123, headerText=Login here.., Test Case Id=firstTestCase, userName=admin, expectedButtonsList=Add student, View student, Attendance Per Student, Add faculty, View faculty, Logout, logoutButtonName=logout}]]>
              </value>
            </param>
          </params>
          <reporter-output>
          </reporter-output>
        </test-method> <!-- firstTestCase -->
        <test-method status="PASS" signature="afterMethod(org.testng.ITestResult)[pri:0, instance:com.attendanceApp.Test1@16fb356]" name="afterMethod" is-config="true" duration-ms="1" started-at="2020-07-06T13:56:47 IST" finished-at="2020-07-06T13:56:47 IST">
          <params>
            <param index="0">
              <value>
                <![CDATA[[TestResult name=firstTestCase status=SUCCESS method=Test1.firstTestCase(java.util.HashMap)[pri:0, instance:com.attendanceApp.Test1@16fb356] output={null}]]]>
              </value>
            </param>
          </params>
          <reporter-output>
          </reporter-output>
        </test-method> <!-- afterMethod -->
      </class> <!-- com.attendanceApp.Test1 -->
      <class name="com.attendanceApp.common.SetUp">
        <test-method status="PASS" signature="beforeSuite(java.lang.String, java.lang.String, java.lang.String)[pri:0, instance:com.attendanceApp.common.SetUp@724bade8]" name="beforeSuite" is-config="true" duration-ms="195108" started-at="2020-07-06T13:52:40 IST" finished-at="2020-07-06T13:55:55 IST">
          <params>
            <param index="0">
              <value>
                <![CDATA[5000]]>
              </value>
            </param>
            <param index="1">
              <value>
                <![CDATA[emulator-5556]]>
              </value>
            </param>
            <param index="2">
              <value>
                <![CDATA[Pixel_3_API_28]]>
              </value>
            </param>
          </params>
          <reporter-output>
          </reporter-output>
        </test-method> <!-- beforeSuite -->
        <test-method status="PASS" signature="afterTest(java.lang.String)[pri:0, instance:com.attendanceApp.common.SetUp@724bade8]" name="afterTest" is-config="true" duration-ms="5331" started-at="2020-07-06T13:58:11 IST" finished-at="2020-07-06T13:58:17 IST">
          <params>
            <param index="0">
              <value>
                <![CDATA[emulator-5556]]>
              </value>
            </param>
          </params>
          <reporter-output>
          </reporter-output>
        </test-method> <!-- afterTest -->
        <test-method status="PASS" signature="afterSuite()[pri:0, instance:com.attendanceApp.common.SetUp@724bade8]" name="afterSuite" is-config="true" duration-ms="1" started-at="2020-07-06T13:58:17 IST" finished-at="2020-07-06T13:58:17 IST">
          <reporter-output>
          </reporter-output>
        </test-method> <!-- afterSuite -->
      </class> <!-- com.attendanceApp.common.SetUp -->
    </test> <!-- Device2 -->
    <test name="Device1" duration-ms="336416" started-at="2020-07-06T13:52:40 IST" finished-at="2020-07-06T13:58:17 IST">
      <class name="com.attendanceApp.Test2">
        <test-method status="PASS" signature="secondTestCase(java.util.HashMap)[pri:0, instance:com.attendanceApp.Test2@388ffbc2]" name="secondTestCase" duration-ms="82877" started-at="2020-07-06T13:56:47 IST" data-provider="SearchProvider" finished-at="2020-07-06T13:58:09 IST">
          <params>
            <param index="0">
              <value>
                <![CDATA[{password=admin123, headerText=Login here.., addMemberDetails=FirstName,Mani1;LastName,Kaur1;Phone,1234569852;addr,Testing, Test Case Id=secondTestCase, addStudentBtnName=addstudent, userName=admin, viewStudentBtnName=Viewstudent, expectedButtonsList=, expectedValues=Mani1,Kaur1, logoutButtonName=logout}]]>
              </value>
            </param>
          </params>
          <reporter-output>
          </reporter-output>
        </test-method> <!-- secondTestCase -->
        <test-method status="PASS" signature="afterMethod(org.testng.ITestResult)[pri:0, instance:com.attendanceApp.Test2@388ffbc2]" name="afterMethod" is-config="true" duration-ms="1" started-at="2020-07-06T13:58:09 IST" finished-at="2020-07-06T13:58:09 IST">
          <params>
            <param index="0">
              <value>
                <![CDATA[[TestResult name=secondTestCase status=SUCCESS method=Test2.secondTestCase(java.util.HashMap)[pri:0, instance:com.attendanceApp.Test2@388ffbc2] output={null}]]]>
              </value>
            </param>
          </params>
          <reporter-output>
          </reporter-output>
        </test-method> <!-- afterMethod -->
      </class> <!-- com.attendanceApp.Test2 -->
      <class name="com.attendanceApp.Test1">
        <test-method status="PASS" signature="firstTestCase(java.util.HashMap)[pri:0, instance:com.attendanceApp.Test1@43ed0ff3]" name="firstTestCase" duration-ms="35246" started-at="2020-07-06T13:56:11 IST" data-provider="SearchProvider" finished-at="2020-07-06T13:56:46 IST">
          <params>
            <param index="0">
              <value>
                <![CDATA[{password=admin123, headerText=Login here.., Test Case Id=firstTestCase, userName=admin, expectedButtonsList=Add student, View student, Attendance Per Student, Add faculty, View faculty, Logout, logoutButtonName=logout}]]>
              </value>
            </param>
          </params>
          <reporter-output>
          </reporter-output>
        </test-method> <!-- firstTestCase -->
        <test-method status="PASS" signature="afterMethod(org.testng.ITestResult)[pri:0, instance:com.attendanceApp.Test1@43ed0ff3]" name="afterMethod" is-config="true" duration-ms="10" started-at="2020-07-06T13:56:46 IST" finished-at="2020-07-06T13:56:46 IST">
          <params>
            <param index="0">
              <value>
                <![CDATA[[TestResult name=firstTestCase status=SUCCESS method=Test1.firstTestCase(java.util.HashMap)[pri:0, instance:com.attendanceApp.Test1@43ed0ff3] output={null}]]]>
              </value>
            </param>
          </params>
          <reporter-output>
          </reporter-output>
        </test-method> <!-- afterMethod -->
      </class> <!-- com.attendanceApp.Test1 -->
      <class name="com.attendanceApp.common.SetUp">
        <test-method status="PASS" signature="beforeSuite(java.lang.String, java.lang.String, java.lang.String)[pri:0, instance:com.attendanceApp.common.SetUp@6de54b40]" name="beforeSuite" is-config="true" duration-ms="195111" started-at="2020-07-06T13:52:40 IST" finished-at="2020-07-06T13:55:55 IST">
          <params>
            <param index="0">
              <value>
                <![CDATA[4723]]>
              </value>
            </param>
            <param index="1">
              <value>
                <![CDATA[emulator-5554]]>
              </value>
            </param>
            <param index="2">
              <value>
                <![CDATA[Nexus_5_API_28]]>
              </value>
            </param>
          </params>
          <reporter-output>
          </reporter-output>
        </test-method> <!-- beforeSuite -->
        <test-method status="PASS" signature="afterTest(java.lang.String)[pri:0, instance:com.attendanceApp.common.SetUp@6de54b40]" name="afterTest" is-config="true" duration-ms="7204" started-at="2020-07-06T13:58:09 IST" finished-at="2020-07-06T13:58:17 IST">
          <params>
            <param index="0">
              <value>
                <![CDATA[emulator-5554]]>
              </value>
            </param>
          </params>
          <reporter-output>
          </reporter-output>
        </test-method> <!-- afterTest -->
      </class> <!-- com.attendanceApp.common.SetUp -->
    </test> <!-- Device1 -->
  </suite> <!-- ParallelSuite -->
</testng-results>
