<?xml version="1.0" encoding="UTF-8"?>
<testsuite xmlns:xsi="http://www.w3.org/2001/XMLSchema-instance" xsi:schemaLocation="https://maven.apache.org/surefire/maven-surefire-plugin/xsd/surefire-test-report.xsd" name="TestSuite" time="338.854" tests="4" errors="0" skipped="0" failures="0">
  <properties>
[...]
</properties>
  <testcase name="firstTestCase" classname="com.attendanceApp.Test1" time="35.346"/>
  <testcase name="firstTestCase" classname="com.attendanceApp.Test1" time="0.447"/>
  <testcase name="secondTestCase" classname="com.attendanceApp.Test2" time="82.055"/>
  <testcase name="secondTestCase" classname="com.attendanceApp.Test2" time="84.008"/>
</testsuite>