<?xml version="1.0" encoding="UTF-8"?>
<!-- Generated by org.testng.reporters.JUnitXMLReporter -->
<testsuite hostname="IRON-QA8" ignored="6" name="Test" tests="2" failures="0" timestamp="06 Jul 2020 05:36:23 GMT" time="231.152" errors="0">
  <testcase name="firstTestCase" time="33.183" classname="com.attendanceApp.Test1"/>
  <testcase name="secondTestCase" time="81.953" classname="com.attendanceApp.Test2"/>
  <testcase name="@BeforeTest beforeSuite" time="0.0" classname="com.attendanceApp.common.SetUp">
    <ignored/>
  </testcase> <!-- @BeforeTest beforeSuite -->
  <testcase name="@BeforeTest beforeSuite" time="0.0" classname="com.attendanceApp.common.SetUp">
    <ignored/>
  </testcase> <!-- @BeforeTest beforeSuite -->
  <testcase name="@AfterTest afterTest" time="0.0" classname="com.attendanceApp.common.SetUp">
    <ignored/>
  </testcase> <!-- @AfterTest afterTest -->
  <testcase name="@AfterTest afterTest" time="0.0" classname="com.attendanceApp.common.SetUp">
    <ignored/>
  </testcase> <!-- @AfterTest afterTest -->
  <testcase name="@AfterSuite afterSuite" time="0.0" classname="com.attendanceApp.common.SetUp">
    <ignored/>
  </testcase> <!-- @AfterSuite afterSuite -->
  <testcase name="@AfterSuite afterSuite" time="0.0" classname="com.attendanceApp.common.SetUp">
    <ignored/>
  </testcase> <!-- @AfterSuite afterSuite -->
</testsuite> <!-- Test -->
