<?xml version="1.0" encoding="UTF-8"?>
<!-- Generated by org.testng.reporters.JUnitXMLReporter -->
<testsuite hostname="IRON-QA8" ignored="6" name="Device2" tests="4" failures="0" timestamp="2020-07-06T13:58:17 IST" time="336.5" errors="0">
  <testcase name="firstTestCase" time="35.246" classname="com.attendanceApp.Test1"/>
  <testcase name="firstTestCase" time="36.389" classname="com.attendanceApp.Test1"/>
  <testcase name="secondTestCase" time="82.877" classname="com.attendanceApp.Test2"/>
  <testcase name="secondTestCase" time="84.0" classname="com.attendanceApp.Test2"/>
  <testcase name="@BeforeTest beforeSuite" time="0.0" classname="com.attendanceApp.common.SetUp">
    <ignored/>
  </testcase> <!-- @BeforeTest beforeSuite -->
  <testcase name="@BeforeTest beforeSuite" time="0.0" classname="com.attendanceApp.common.SetUp">
    <ignored/>
  </testcase> <!-- @BeforeTest beforeSuite -->
  <testcase name="@AfterTest afterTest" time="0.0" classname="com.attendanceApp.common.SetUp">
    <ignored/>
  </testcase> <!-- @AfterTest afterTest -->
  <testcase name="@AfterTest afterTest" time="0.0" classname="com.attendanceApp.common.SetUp">
    <ignored/>
  </testcase> <!-- @AfterTest afterTest -->
  <testcase name="@AfterSuite afterSuite" time="0.0" classname="com.attendanceApp.common.SetUp">
    <ignored/>
  </testcase> <!-- @AfterSuite afterSuite -->
  <testcase name="@AfterSuite afterSuite" time="0.0" classname="com.attendanceApp.common.SetUp">
    <ignored/>
  </testcase> <!-- @AfterSuite afterSuite -->
</testsuite> <!-- Device2 -->
